Cocos2d: 
<dict>
	cocos2d.x.version: 2.2.1
	cocos2d.x.compiled_with_profiler: false
	cocos2d.x.compiled_with_gl_state_cache: true
	gl.vendor: Intel Inc.
	gl.renderer: Intel HD Graphics 4000 OpenGL Engine
	gl.version: 2.1 INTEL-8.10.44
	gl.max_texture_size: 16384
	gl.max_texture_units: 16
	gl.supports_PVRTC: false
	gl.supports_NPOT: true
	gl.supports_BGRA8888: false
	gl.supports_discard_framebuffer: false
	gl.supports_vertex_array_object: true
</dict>
Cocos2d: lua_loadChunksFromZIP() - load zip file: /Users/tlwk/Documents/Work/project/trunk/client_seiya/trunk/quick-cocos2d-x-2.2.1-rc/lib/framework_precompiled/framework_precompiled.zip
Cocos2d: lua_loadChunksFromZIP() - loaded chunks count: 54
Cocos2d: ------------------------------------------------
Cocos2d: LOAD LUA FILE: /Users/tlwk/Documents/Work/project/trunk/client_seiya/trunk/fightdemo/scripts/main.lua
Cocos2d: ------------------------------------------------
Cocos2d: [0.0087] [INFO] 
Cocos2d: [0.0088] [INFO] # DEBUG                        = 2
Cocos2d: [0.0088] [INFO] #
Cocos2d: [0.0089] [INFO] # device.platform              = mac
Cocos2d: [0.0089] [INFO] # device.model                 = unknown
Cocos2d: [0.0089] [INFO] # device.language              = cn
Cocos2d: [0.0089] [INFO] # device.writablePath          = /Users/tlwk/Documents/Work/project/trunk/client_seiya/trunk/fightdemo/scripts/
Cocos2d: [0.0089] [INFO] # device.cachePath             = /Users/tlwk/Documents/Work/project/trunk/client_seiya/trunk/fightdemo/scripts/
Cocos2d: [0.0089] [INFO] # device.directorySeparator    = /
Cocos2d: [0.0089] [INFO] # device.pathSeparator         = :
Cocos2d: [0.0089] [INFO] #
Cocos2d: [0.0102] [INFO] # CONFIG_SCREEN_AUTOSCALE      = function: 0x12d95fa0
Cocos2d: [0.0102] [INFO] # CONFIG_SCREEN_WIDTH          = 960.00
Cocos2d: [0.0102] [INFO] # CONFIG_SCREEN_HEIGHT         = 640.00
Cocos2d: [0.0103] [INFO] # display.widthInPixels        = 960.00
Cocos2d: [0.0103] [INFO] # display.heightInPixels       = 640.00
Cocos2d: [0.0103] [INFO] # display.contentScaleFactor   = 1.00
Cocos2d: [0.0103] [INFO] # display.width                = 960.00
Cocos2d: [0.0103] [INFO] # display.height               = 640.00
Cocos2d: [0.0103] [INFO] # display.cx                   = 480.00
Cocos2d: [0.0103] [INFO] # display.cy                   = 320.00
Cocos2d: [0.0103] [INFO] # display.left                 = 0.00
Cocos2d: [0.0103] [INFO] # display.right                = 960.00
Cocos2d: [0.0103] [INFO] # display.top                  = 640.00
Cocos2d: [0.0103] [INFO] # display.bottom               = 0.00
Cocos2d: [0.0103] [INFO] # display.c_left               = -480.00
Cocos2d: [0.0103] [INFO] # display.c_right              = 480.00
Cocos2d: [0.0103] [INFO] # display.c_top                = 320.00
Cocos2d: [0.0103] [INFO] # display.c_bottom             = -320.00
Cocos2d: [0.0104] [INFO] #
Cocos2d: Get data from file(ccb/MainView.ccbi) failed!
Cocos2d: [LUA ERROR] [string "/Users/tlwk/Documents/Work/project/trunk/client_seiya/trunk/fightdemo/scripts/CCBReaderLoad.lua"]:46: attempt to index local 'nodesWithAnimationManagers' (a nil value)
Cocos2d: [10.0449] [INFO] LUA VM MEMORY USED: 1267.41 KB
Cocos2d: [20.0451] [INFO] LUA VM MEMORY USED: 1267.51 KB
